Uncaught exception GET /cartuja/autoload.js?bokeh-autoload-element=1001&bokeh-app-path=/cartuja&bokeh-absolute-url=http://localhost:9090/cartuja (127.0.0.1)
HTTPServerRequest(protocol='http', host='localhost:9090', method='GET', uri='/cartuja/autoload.js?bokeh-autoload-element=1001&bokeh-app-path=/cartuja&bokeh-absolute-url=http://localhost:9090/cartuja', version='HTTP/1.1', remote_ip='127.0.0.1')
Traceback (most recent call last):
  File "/home/rapidminer/Projects/bokeh_edar40/venv/lib/python3.7/site-packages/tornado/web.py", line 1699, in _execute
    result = await result
  File "/home/rapidminer/Projects/bokeh_edar40/venv/lib/python3.7/site-packages/tornado/gen.py", line 742, in run
    yielded = self.gen.throw(*exc_info)  # type: ignore
  File "/home/rapidminer/Projects/bokeh_edar40/venv/lib/python3.7/site-packages/bokeh/server/views/autoload_js_handler.py", line 60, in get
    session = yield self.get_session()
  File "/home/rapidminer/Projects/bokeh_edar40/venv/lib/python3.7/site-packages/tornado/gen.py", line 735, in run
    value = future.result()
  File "/home/rapidminer/Projects/bokeh_edar40/venv/lib/python3.7/site-packages/tornado/gen.py", line 742, in run
    yielded = self.gen.throw(*exc_info)  # type: ignore
  File "/home/rapidminer/Projects/bokeh_edar40/venv/lib/python3.7/site-packages/bokeh/server/views/session_handler.py", line 77, in get_session
    session = yield self.application_context.create_session_if_needed(session_id, self.request)
  File "/home/rapidminer/Projects/bokeh_edar40/venv/lib/python3.7/site-packages/tornado/gen.py", line 735, in run
    value = future.result()
  File "/home/rapidminer/Projects/bokeh_edar40/venv/lib/python3.7/site-packages/tornado/gen.py", line 748, in run
    yielded = self.gen.send(value)
  File "/home/rapidminer/Projects/bokeh_edar40/venv/lib/python3.7/site-packages/bokeh/server/contexts.py", line 215, in create_session_if_needed
    self._application.initialize_document(doc)
  File "/home/rapidminer/Projects/bokeh_edar40/venv/lib/python3.7/site-packages/bokeh/application/application.py", line 178, in initialize_document
    h.modify_document(doc)
  File "/home/rapidminer/Projects/bokeh_edar40/venv/lib/python3.7/site-packages/bokeh/application/handlers/function.py", line 133, in modify_document
    self._func(doc)
  File "/home/rapidminer/Projects/bokeh_edar40/bokeh_edar40/applications/cartuja/first_descriptive.py", line 363, in modify_first_descriptive
    weight_xml = xml_root[2]
IndexError: child index out of range
500 GET /cartuja/autoload.js?bokeh-autoload-element=1001&bokeh-app-path=/cartuja&bokeh-absolute-url=http://localhost:9090/cartuja (127.0.0.1) 160.45ms
